2025-07-11 16:45:06,374 - WARNING - Supabase credentials not found. Data will only be saved locally.
2025-07-11 16:45:06,375 - INFO - Starting comprehensive EDB primary school scraping...
2025-07-11 16:45:06,375 - INFO - Starting comprehensive EDB primary school scraping...
2025-07-11 16:45:06,553 - ERROR - Error accessing search system: 404 Client Error: Not Found for url: https://www.edb.gov.hk/en/edu-system/primary-secondary/applicable-to-primary/primary-1-admission/school-lists/
2025-07-11 16:45:06,554 - INFO - Scraping schools in Central & Western...
2025-07-11 16:45:10,625 - INFO - Scraping schools in Eastern...
2025-07-11 16:45:14,462 - INFO - Scraping schools in Southern...
2025-07-11 16:45:18,294 - INFO - Scraping schools in Wan Chai...
2025-07-11 16:45:20,881 - INFO - Scraping schools in Sham Shui Po...
2025-07-11 16:45:23,380 - INFO - Scraping schools in Kowloon City...
2025-07-11 16:45:25,491 - INFO - Scraping schools in Kwun Tong...
2025-07-11 16:45:28,106 - INFO - Scraping schools in Wong Tai Sin...
2025-07-11 16:45:31,555 - INFO - Scraping schools in Yau Tsim Mong...
2025-07-11 16:45:35,507 - INFO - Scraping schools in Islands...
2025-07-11 16:45:39,561 - INFO - Scraping schools in Kwai Tsing...
2025-07-11 16:45:42,811 - INFO - Scraping schools in North...
2025-07-11 16:45:44,971 - INFO - Scraping schools in Sai Kung...
2025-07-11 16:45:47,687 - INFO - Scraping schools in Sha Tin...
2025-07-11 16:45:49,989 - INFO - Scraping schools in Tai Po...
2025-07-11 16:45:53,848 - INFO - Scraping schools in Tsuen Wan...
2025-07-11 16:45:57,749 - INFO - Scraping schools in Tuen Mun...
2025-07-11 16:46:01,655 - INFO - Scraping schools in Yuen Long...
2025-07-11 16:46:05,761 - INFO - Scraping schools in network 11...
2025-07-11 16:46:09,106 - INFO - Scraping schools in network 12...
2025-07-11 16:46:11,966 - INFO - Scraping schools in network 14...
2025-07-11 16:46:14,385 - INFO - Scraping schools in network 16...
2025-07-11 16:46:16,621 - INFO - Scraping schools in network 18...
2025-07-11 16:46:20,264 - INFO - Scraping schools in network 31...
2025-07-11 16:46:23,478 - INFO - Scraping schools in network 32...
2025-07-11 16:46:26,353 - INFO - Scraping schools in network 34...
2025-07-11 16:46:30,198 - INFO - Scraping schools in network 35...
2025-07-11 16:46:32,256 - INFO - Scraping schools in network 40...
2025-07-11 16:46:34,508 - INFO - Scraping schools in network 41...
2025-07-11 16:46:37,171 - INFO - Scraping schools in network 43...
2025-07-11 16:46:39,895 - INFO - Scraping schools in network 45...
2025-07-11 16:46:43,576 - INFO - Scraping schools in network 46...
2025-07-11 16:46:47,625 - INFO - Scraping schools in network 48...
2025-07-11 16:46:50,646 - INFO - Scraping schools in network 62...
2025-07-11 16:46:53,019 - INFO - Scraping schools in network 64...
2025-07-11 16:46:55,131 - INFO - Scraping schools in network 65...
2025-07-11 16:46:58,327 - INFO - Scraping schools in network 66...
2025-07-11 16:46:58,809 - WARNING - Supabase credentials not found. Data will only be saved locally.
2025-07-11 16:46:58,810 - INFO - Starting comprehensive EDB primary school scraping...
2025-07-11 16:46:58,810 - INFO - Starting comprehensive EDB primary school scraping...
2025-07-11 16:46:58,947 - ERROR - Error accessing search system: 404 Client Error: Not Found for url: https://www.edb.gov.hk/en/edu-system/primary-secondary/applicable-to-primary/primary-1-admission/school-lists/
2025-07-11 16:46:58,947 - INFO - Scraping schools in Central & Western...
2025-07-11 16:47:00,682 - INFO - Scraping schools in network 70...
2025-07-11 16:47:01,360 - INFO - Scraping schools in Eastern...
2025-07-11 16:47:03,419 - INFO - Scraping schools in network 71...
2025-07-11 16:47:03,886 - INFO - Scraping schools in Southern...
2025-07-11 16:47:06,989 - INFO - Scraping schools in Wan Chai...
2025-07-11 16:47:06,992 - INFO - Scraping schools in network 72...
2025-07-11 16:47:09,773 - INFO - Scraping schools in Sham Shui Po...
2025-07-11 16:47:10,737 - INFO - Scraping schools in network 73...
2025-07-11 16:47:12,451 - INFO - Scraping schools in Kowloon City...
2025-07-11 16:47:14,450 - INFO - Scraping schools in network 74...
2025-07-11 16:47:15,282 - INFO - Scraping schools in Kwun Tong...
2025-07-11 16:47:17,402 - INFO - Scraping schools in network 80...
2025-07-11 16:47:17,584 - INFO - Scraping schools in Wong Tai Sin...
2025-07-11 16:47:19,968 - INFO - Scraping schools in Yau Tsim Mong...
2025-07-11 16:47:20,590 - INFO - Scraping schools in network 81...
2025-07-11 16:47:22,903 - INFO - Scraping schools in network 83...
2025-07-11 16:47:23,094 - INFO - Scraping schools in Islands...
2025-07-11 16:47:25,333 - INFO - Scraping schools in network 84...
2025-07-11 16:47:26,580 - INFO - Scraping schools in Kwai Tsing...
2025-07-11 16:47:29,354 - INFO - Scraping schools in network 88...
2025-07-11 16:47:29,426 - INFO - Scraping schools in North...
2025-07-11 16:47:31,959 - INFO - Scraping schools in Sai Kung...
2025-07-11 16:47:32,937 - INFO - Scraping schools in network 89...
2025-07-11 16:47:34,624 - INFO - Scraping schools in Sha Tin...
2025-07-11 16:47:36,283 - INFO - Scraping schools in network 91...
2025-07-11 16:47:37,009 - INFO - Scraping schools in Tai Po...
2025-07-11 16:47:38,755 - INFO - Scraping schools in network 95...
2025-07-11 16:47:40,767 - INFO - Scraping schools in Tsuen Wan...
2025-07-11 16:47:42,019 - INFO - Scraping schools in network 96...
2025-07-11 16:47:43,458 - INFO - Scraping schools in Tuen Mun...
2025-07-11 16:47:44,927 - INFO - Scraping schools in network 97...
2025-07-11 16:47:46,506 - INFO - Scraping schools in Yuen Long...
2025-07-11 16:47:48,498 - INFO - Scraping schools in network 98...
2025-07-11 16:47:49,871 - INFO - Scraping schools in network 11...
2025-07-11 16:47:52,426 - INFO - Scraping schools in network 99...
2025-07-11 16:47:53,328 - INFO - Scraping schools in network 12...
2025-07-11 16:47:55,178 - INFO - Total unique schools found: 0
2025-07-11 16:47:55,179 - WARNING - No schools found during scraping
2025-07-11 16:47:55,387 - INFO - Scraping schools in network 14...
2025-07-11 16:47:58,882 - INFO - Scraping schools in network 16...
2025-07-11 16:48:01,712 - INFO - Scraping schools in network 18...
2025-07-11 16:48:05,768 - INFO - Scraping schools in network 31...
2025-07-11 16:48:09,641 - INFO - Scraping schools in network 32...
2025-07-11 16:48:13,507 - INFO - Scraping schools in network 34...
2025-07-11 16:48:15,816 - INFO - Scraping schools in network 35...
2025-07-11 16:48:18,003 - INFO - Scraping schools in network 40...
2025-07-11 16:48:21,972 - INFO - Scraping schools in network 41...
2025-07-11 16:48:25,671 - INFO - Scraping schools in network 43...
2025-07-11 16:48:28,734 - INFO - Scraping schools in network 45...
2025-07-11 16:48:31,142 - INFO - Scraping schools in network 46...
2025-07-11 16:48:34,869 - INFO - Scraping schools in network 48...
2025-07-11 16:48:37,169 - INFO - Scraping schools in network 62...
2025-07-11 16:48:41,196 - INFO - Scraping schools in network 64...
2025-07-11 16:48:44,752 - INFO - Scraping schools in network 65...
2025-07-11 16:48:46,897 - INFO - Scraping schools in network 66...
2025-07-11 16:48:50,070 - INFO - Scraping schools in network 70...
2025-07-11 16:48:53,232 - INFO - Scraping schools in network 71...
2025-07-11 16:48:56,826 - INFO - Scraping schools in network 72...
2025-07-11 16:49:00,140 - INFO - Scraping schools in network 73...
2025-07-11 16:49:02,881 - INFO - Scraping schools in network 74...
2025-07-11 16:49:06,300 - INFO - Scraping schools in network 80...
2025-07-11 16:49:09,829 - INFO - Scraping schools in network 81...
2025-07-11 16:49:13,088 - INFO - Scraping schools in network 83...
2025-07-11 16:49:17,118 - INFO - Scraping schools in network 84...
2025-07-11 16:49:20,592 - INFO - Scraping schools in network 88...
2025-07-11 16:49:23,877 - INFO - Scraping schools in network 89...
2025-07-11 16:49:27,734 - INFO - Scraping schools in network 91...
2025-07-11 16:49:31,074 - INFO - Scraping schools in network 95...
2025-07-11 16:49:33,580 - INFO - Scraping schools in network 96...
2025-07-11 16:49:37,367 - INFO - Scraping schools in network 97...
2025-07-11 16:49:40,395 - INFO - Scraping schools in network 98...
2025-07-11 16:49:42,774 - INFO - Scraping schools in network 99...
2025-07-11 16:49:45,014 - INFO - Total unique schools found: 0
2025-07-11 16:49:45,014 - WARNING - No schools found during scraping
