2025-07-11 11:12:12,934 - WARNING - Supabase credentials not found. Data will only be saved locally.
2025-07-11 11:12:12,935 - INFO - Starting EDB primary school download and import process...
2025-07-11 11:12:12,935 - INFO - Starting download of primary school data for all districts...
2025-07-11 11:12:12,936 - INFO - Trying URL: https://www.edb.gov.hk/en/edu-system/primary-secondary/applicable-to-primary/primary-1-admission/school-lists/
2025-07-11 11:12:13,086 - INFO - Trying URL: https://www.edb.gov.hk/en/edu-system/primary-secondary/applicable-to-primary/primary-1-admission/
2025-07-11 11:12:13,108 - INFO - Trying URL: https://www.edb.gov.hk/en/edu-system/primary-secondary/applicable-to-primary/
2025-07-11 11:12:13,134 - INFO - Trying URL: https://www.edb.gov.hk/en/edu-system/primary-secondary/
2025-07-11 11:12:13,157 - INFO - Downloading data for Central & Western...
2025-07-11 11:12:15,336 - INFO - Downloading data for Eastern...
2025-07-11 11:12:18,565 - INFO - Downloading data for Southern...
2025-07-11 11:12:20,671 - INFO - Downloading data for Wan Chai...
2025-07-11 11:12:24,013 - INFO - Downloading data for Sham Shui Po...
2025-07-11 11:12:27,402 - INFO - Downloading data for Kowloon City...
2025-07-11 11:12:31,191 - INFO - Downloading data for Kwun Tong...
2025-07-11 11:12:34,119 - INFO - Downloading data for Wong Tai Sin...
2025-07-11 11:12:36,756 - INFO - Downloading data for Yau Tsim Mong...
2025-07-11 11:12:39,030 - INFO - Downloading data for Islands...
2025-07-11 11:12:42,844 - INFO - Downloading data for Kwai Tsing...
2025-07-11 11:12:46,177 - INFO - Downloading data for North...
2025-07-11 11:12:48,428 - INFO - Downloading data for Sai Kung...
2025-07-11 11:12:51,710 - INFO - Downloading data for Sha Tin...
2025-07-11 11:12:54,794 - INFO - Downloading data for Tai Po...
2025-07-11 11:12:58,062 - INFO - Downloading data for Tsuen Wan...
2025-07-11 11:13:01,937 - INFO - Downloading data for Tuen Mun...
2025-07-11 11:13:05,090 - INFO - Downloading data for Yuen Long...
2025-07-11 11:13:08,855 - INFO - Total unique schools found: 0
2025-07-11 11:13:08,856 - WARNING - No schools found during download
